18 Sep 2012 09:12:46 - INFO Main.<init>(16) | Main Start
18 Sep 2012 10:36:15 - INFO Main.<init>(16) | Main Start
18 Sep 2012 11:20:32 - INFO Main.<init>(16) | Main Start
18 Sep 2012 11:20:32 - INFO KisCore.<init>(21) | Object Init
18 Sep 2012 11:21:46 - INFO Main.<init>(16) | Main Start
18 Sep 2012 11:21:46 - INFO KisCore.<init>(21) | Object Init
18 Sep 2012 11:21:46 - INFO KisCore.ssh_init(25) | ssh_init() called
18 Sep 2012 11:22:10 - INFO Main.<init>(16) | Main Start
18 Sep 2012 11:22:10 - INFO KisCore.<init>(21) | Object Init
18 Sep 2012 11:22:10 - INFO KisCore.ssh_init(25) | ssh_init() called
18 Sep 2012 11:23:52 - INFO Main.<init>(16) | Main Start
18 Sep 2012 11:23:52 - INFO KisCore.<init>(21) | Object Init
18 Sep 2012 11:23:52 - INFO KisCore.ssh_init(25) | ssh_init() called
18 Sep 2012 11:24:05 - INFO Main.<init>(16) | Main Start
18 Sep 2012 11:24:05 - INFO KisCore.<init>(21) | Object Init
18 Sep 2012 11:24:05 - INFO KisCore.ssh_init(25) | ssh_init() called
18 Sep 2012 11:24:05 - INFO KisCore.ssh_init(30) | SSH_Init: java.io.BufferedOutputStream@f1bb78
18 Sep 2012 11:27:07 - INFO Main.<init>(16) | Main Start
18 Sep 2012 11:27:07 - INFO KisCore.<init>(21) | Object Init
18 Sep 2012 11:27:07 - INFO KisCore.ssh_init(25) | ssh_init() called
18 Sep 2012 11:27:07 - INFO KisCore.ssh_init(31) | SSH_Init: java.io.BufferedOutputStream@f1bb78
18 Sep 2012 11:37:37 - INFO Main.<init>(16) | Main Start
18 Sep 2012 11:37:37 - INFO KisCore.<init>(23) | Object Init
18 Sep 2012 11:37:37 - INFO KisCore.ssh_init(27) | ssh_init() called
18 Sep 2012 11:37:37 - INFO KisCore.ssh_init(47) | SSH_Init: java.io.BufferedOutputStream@4b035d
18 Sep 2012 11:40:58 - INFO Main.<init>(16) | Main Start
18 Sep 2012 11:40:58 - INFO KisCore.<init>(23) | Object Init
18 Sep 2012 11:40:58 - INFO KisCore.ssh_init(27) | ssh_init() called
18 Sep 2012 11:40:58 - INFO KisCore.ssh_init(36) | pc111-15
18 Sep 2012 11:40:58 - INFO KisCore.ssh_init(45) | SSH Done with exit value: 0
18 Sep 2012 11:41:29 - INFO Main.<init>(16) | Main Start
18 Sep 2012 11:41:29 - INFO KisCore.<init>(23) | Object Init
18 Sep 2012 11:41:29 - INFO KisCore.ssh_init(27) | ssh_init() called
18 Sep 2012 11:41:29 - INFO KisCore.ssh_init(36) | SSH_Output: pc111-15
18 Sep 2012 11:41:29 - INFO KisCore.ssh_init(45) | SSH Done with exit value: 0
18 Sep 2012 11:43:09 - INFO Main.<init>(16) | Main Start
18 Sep 2012 11:43:09 - INFO KisCore.<init>(23) | Object Init
18 Sep 2012 11:43:09 - INFO KisCore.ssh_init(27) | ssh_init() called
18 Sep 2012 11:43:09 - ERROR KisCore.ssh_init(40) | SSH_Error: Bad port 'pass'
18 Sep 2012 11:43:09 - INFO KisCore.ssh_init(45) | SSH Done with exit value: 255
18 Sep 2012 11:43:25 - INFO Main.<init>(16) | Main Start
18 Sep 2012 11:43:25 - INFO KisCore.<init>(23) | Object Init
18 Sep 2012 11:43:25 - INFO KisCore.ssh_init(27) | ssh_init() called
18 Sep 2012 11:43:25 - ERROR KisCore.ssh_init(40) | SSH_Error: ssh: connect to host 127.0.0.1 port 22: Connection refused
18 Sep 2012 11:43:25 - INFO KisCore.ssh_init(45) | SSH Done with exit value: 255
18 Sep 2012 11:49:05 - INFO Main.<init>(16) | Main Start
18 Sep 2012 11:49:05 - INFO KisCore.<init>(23) | Object Init
18 Sep 2012 11:49:05 - INFO KisCore.ssh_init(27) | ssh_init() called
18 Sep 2012 11:49:05 - ERROR KisCore.ssh_init(40) | SSH_Error: ssh: connect to host 127.0.0.1 port 22: Connection refused
18 Sep 2012 11:49:05 - INFO KisCore.ssh_init(45) | SSH Done with exit value: 255
18 Sep 2012 11:49:27 - INFO Main.<init>(16) | Main Start
18 Sep 2012 11:49:27 - INFO KisCore.<init>(23) | Object Init
18 Sep 2012 11:49:27 - INFO KisCore.ssh_init(27) | ssh_init() called
18 Sep 2012 11:49:27 - ERROR KisCore.ssh_init(40) | SSH_Error: OpenSSH_5.9p1 Debian-5ubuntu1, OpenSSL 1.0.1 14 Mar 2012
18 Sep 2012 11:49:27 - ERROR KisCore.ssh_init(40) | SSH_Error: debug1: Reading configuration data /etc/ssh/ssh_config
18 Sep 2012 11:49:27 - ERROR KisCore.ssh_init(40) | SSH_Error: debug1: /etc/ssh/ssh_config line 19: Applying options for *
18 Sep 2012 11:49:27 - ERROR KisCore.ssh_init(40) | SSH_Error: debug1: Connecting to 127.0.0.1 [127.0.0.1] port 22.
18 Sep 2012 11:49:27 - ERROR KisCore.ssh_init(40) | SSH_Error: debug1: connect to address 127.0.0.1 port 22: Connection refused
18 Sep 2012 11:49:27 - ERROR KisCore.ssh_init(40) | SSH_Error: ssh: connect to host 127.0.0.1 port 22: Connection refused
18 Sep 2012 11:49:27 - INFO KisCore.ssh_init(45) | SSH Done with exit value: 255
18 Sep 2012 11:51:09 - INFO Main.<init>(16) | Main Start
18 Sep 2012 11:51:09 - INFO KisCore.<init>(23) | Object Init
18 Sep 2012 11:51:09 - INFO KisCore.ssh_init(27) | ssh_init() called
18 Sep 2012 11:51:09 - ERROR KisCore.ssh_init(40) | SSH_Error: OpenSSH_5.9p1 Debian-5ubuntu1, OpenSSL 1.0.1 14 Mar 2012
18 Sep 2012 11:51:09 - ERROR KisCore.ssh_init(40) | SSH_Error: debug1: Reading configuration data /etc/ssh/ssh_config
18 Sep 2012 11:51:09 - ERROR KisCore.ssh_init(40) | SSH_Error: debug1: /etc/ssh/ssh_config line 19: Applying options for *
18 Sep 2012 11:51:09 - ERROR KisCore.ssh_init(40) | SSH_Error: debug1: Connecting to 127.0.0.1 [127.0.0.1] port 22.
18 Sep 2012 11:51:09 - ERROR KisCore.ssh_init(40) | SSH_Error: debug1: connect to address 127.0.0.1 port 22: Connection refused
18 Sep 2012 11:51:09 - ERROR KisCore.ssh_init(40) | SSH_Error: ssh: connect to host 127.0.0.1 port 22: Connection refused
18 Sep 2012 11:51:09 - INFO KisCore.ssh_init(45) | SSH Done with exit value: 255
18 Sep 2012 11:51:37 - INFO Main.<init>(16) | Main Start
18 Sep 2012 11:51:37 - INFO KisCore.<init>(23) | Object Init
18 Sep 2012 11:51:37 - INFO KisCore.ssh_init(27) | ssh_init() called
18 Sep 2012 11:51:37 - ERROR KisCore.ssh_init(40) | SSH_Error: OpenSSH_5.9p1 Debian-5ubuntu1, OpenSSL 1.0.1 14 Mar 2012
18 Sep 2012 11:51:37 - ERROR KisCore.ssh_init(40) | SSH_Error: debug1: Reading configuration data /etc/ssh/ssh_config
18 Sep 2012 11:51:37 - ERROR KisCore.ssh_init(40) | SSH_Error: debug1: /etc/ssh/ssh_config line 19: Applying options for *
18 Sep 2012 11:51:37 - ERROR KisCore.ssh_init(40) | SSH_Error: debug1: Connecting to 127.0.0.1 [127.0.0.1] port 22.
18 Sep 2012 11:51:37 - ERROR KisCore.ssh_init(40) | SSH_Error: debug1: connect to address 127.0.0.1 port 22: Connection refused
18 Sep 2012 11:51:37 - ERROR KisCore.ssh_init(40) | SSH_Error: ssh: connect to host 127.0.0.1 port 22: Connection refused
18 Sep 2012 11:51:37 - INFO KisCore.ssh_init(46) | SSH Done with exit value: 255
18 Sep 2012 11:52:30 - INFO Main.<init>(16) | Main Start
18 Sep 2012 11:52:30 - INFO KisCore.<init>(23) | Object Init
18 Sep 2012 11:52:30 - INFO KisCore.ssh_init(27) | ssh_init() called
18 Sep 2012 11:52:31 - ERROR KisCore.ssh_init(40) | SSH_Error: OpenSSH_5.9p1 Debian-5ubuntu1, OpenSSL 1.0.1 14 Mar 2012
18 Sep 2012 11:52:31 - ERROR KisCore.ssh_init(40) | SSH_Error: debug1: Reading configuration data /etc/ssh/ssh_config
18 Sep 2012 11:52:31 - ERROR KisCore.ssh_init(40) | SSH_Error: debug1: /etc/ssh/ssh_config line 19: Applying options for *
18 Sep 2012 11:52:31 - ERROR KisCore.ssh_init(40) | SSH_Error: debug1: Connecting to 147.171.79.215 [147.171.79.215] port 22.
18 Sep 2012 11:52:31 - ERROR KisCore.ssh_init(40) | SSH_Error: debug1: Connection established.
18 Sep 2012 11:52:31 - ERROR KisCore.ssh_init(40) | SSH_Error: debug1: identity file /home/clement/.ssh/id_rsa type -1
18 Sep 2012 11:52:31 - ERROR KisCore.ssh_init(40) | SSH_Error: debug1: identity file /home/clement/.ssh/id_rsa-cert type -1
18 Sep 2012 11:52:31 - ERROR KisCore.ssh_init(40) | SSH_Error: debug1: identity file /home/clement/.ssh/id_dsa type -1
18 Sep 2012 11:52:31 - ERROR KisCore.ssh_init(40) | SSH_Error: debug1: identity file /home/clement/.ssh/id_dsa-cert type -1
18 Sep 2012 11:52:31 - ERROR KisCore.ssh_init(40) | SSH_Error: debug1: identity file /home/clement/.ssh/id_ecdsa type -1
18 Sep 2012 11:52:31 - ERROR KisCore.ssh_init(40) | SSH_Error: debug1: identity file /home/clement/.ssh/id_ecdsa-cert type -1
18 Sep 2012 11:52:31 - ERROR KisCore.ssh_init(40) | SSH_Error: debug1: Remote protocol version 2.0, remote software version OpenSSH_5.3
18 Sep 2012 11:52:31 - ERROR KisCore.ssh_init(40) | SSH_Error: debug1: match: OpenSSH_5.3 pat OpenSSH*
18 Sep 2012 11:52:31 - ERROR KisCore.ssh_init(40) | SSH_Error: debug1: Enabling compatibility mode for protocol 2.0
18 Sep 2012 11:52:31 - ERROR KisCore.ssh_init(40) | SSH_Error: debug1: Local version string SSH-2.0-OpenSSH_5.9p1 Debian-5ubuntu1
18 Sep 2012 11:52:31 - ERROR KisCore.ssh_init(40) | SSH_Error: debug1: SSH2_MSG_KEXINIT sent
18 Sep 2012 11:52:31 - ERROR KisCore.ssh_init(40) | SSH_Error: debug1: SSH2_MSG_KEXINIT received
18 Sep 2012 11:52:31 - ERROR KisCore.ssh_init(40) | SSH_Error: debug1: kex: server->client aes128-ctr hmac-md5 none
18 Sep 2012 11:52:31 - ERROR KisCore.ssh_init(40) | SSH_Error: debug1: kex: client->server aes128-ctr hmac-md5 none
18 Sep 2012 11:52:31 - ERROR KisCore.ssh_init(40) | SSH_Error: debug1: SSH2_MSG_KEX_DH_GEX_REQUEST(1024<1024<8192) sent
18 Sep 2012 11:52:31 - ERROR KisCore.ssh_init(40) | SSH_Error: debug1: expecting SSH2_MSG_KEX_DH_GEX_GROUP
18 Sep 2012 11:52:31 - ERROR KisCore.ssh_init(40) | SSH_Error: debug1: SSH2_MSG_KEX_DH_GEX_INIT sent
18 Sep 2012 11:52:31 - ERROR KisCore.ssh_init(40) | SSH_Error: debug1: expecting SSH2_MSG_KEX_DH_GEX_REPLY
18 Sep 2012 11:52:31 - ERROR KisCore.ssh_init(40) | SSH_Error: debug1: Server host key: RSA 97:a0:e8:de:9d:3a:88:f3:ca:46:ec:6d:1a:54:c1:f2
18 Sep 2012 11:52:31 - ERROR KisCore.ssh_init(40) | SSH_Error: debug1: Host '147.171.79.215' is known and matches the RSA host key.
18 Sep 2012 11:52:31 - ERROR KisCore.ssh_init(40) | SSH_Error: debug1: Found key in /home/clement/.ssh/known_hosts:7
18 Sep 2012 11:52:31 - ERROR KisCore.ssh_init(40) | SSH_Error: debug1: ssh_rsa_verify: signature correct
18 Sep 2012 11:52:31 - ERROR KisCore.ssh_init(40) | SSH_Error: debug1: SSH2_MSG_NEWKEYS sent
18 Sep 2012 11:52:31 - ERROR KisCore.ssh_init(40) | SSH_Error: debug1: expecting SSH2_MSG_NEWKEYS
18 Sep 2012 11:52:31 - ERROR KisCore.ssh_init(40) | SSH_Error: debug1: SSH2_MSG_NEWKEYS received
18 Sep 2012 11:52:31 - ERROR KisCore.ssh_init(40) | SSH_Error: debug1: Roaming not allowed by server
18 Sep 2012 11:52:31 - ERROR KisCore.ssh_init(40) | SSH_Error: debug1: SSH2_MSG_SERVICE_REQUEST sent
18 Sep 2012 11:52:31 - ERROR KisCore.ssh_init(40) | SSH_Error: debug1: SSH2_MSG_SERVICE_ACCEPT received
18 Sep 2012 11:52:31 - ERROR KisCore.ssh_init(40) | SSH_Error: debug1: Authentications that can continue: publickey,password
18 Sep 2012 11:52:31 - ERROR KisCore.ssh_init(40) | SSH_Error: debug1: Next authentication method: publickey
18 Sep 2012 11:52:31 - ERROR KisCore.ssh_init(40) | SSH_Error: debug1: Offering RSA public key: clement-laptop
18 Sep 2012 11:52:31 - ERROR KisCore.ssh_init(40) | SSH_Error: debug1: Server accepts key: pkalg ssh-rsa blen 1045
18 Sep 2012 11:52:31 - ERROR KisCore.ssh_init(40) | SSH_Error: debug1: Authentication succeeded (publickey).
18 Sep 2012 11:52:31 - ERROR KisCore.ssh_init(40) | SSH_Error: Authenticated to 147.171.79.215 ([147.171.79.215]:22).
18 Sep 2012 11:52:31 - ERROR KisCore.ssh_init(40) | SSH_Error: debug1: channel 0: new [client-session]
18 Sep 2012 11:52:31 - ERROR KisCore.ssh_init(40) | SSH_Error: debug1: Requesting no-more-sessions@openssh.com
18 Sep 2012 11:52:31 - ERROR KisCore.ssh_init(40) | SSH_Error: debug1: Entering interactive session.
18 Sep 2012 11:52:31 - ERROR KisCore.ssh_init(40) | SSH_Error: debug1: Requesting X11 forwarding with authentication spoofing.
18 Sep 2012 11:52:31 - ERROR KisCore.ssh_init(40) | SSH_Error: debug1: Requesting authentication agent forwarding.
18 Sep 2012 11:52:31 - ERROR KisCore.ssh_init(40) | SSH_Error: debug1: Sending environment.
18 Sep 2012 11:52:31 - ERROR KisCore.ssh_init(40) | SSH_Error: debug1: Sending env LANG = en_US.UTF-8
18 Sep 2012 11:52:31 - ERROR KisCore.ssh_init(40) | SSH_Error: debug1: Sending command: k!scl0ud-2012
18 Sep 2012 11:52:31 - ERROR KisCore.ssh_init(40) | SSH_Error: debug1: Remote: No xauth program; cannot forward with spoofing.
18 Sep 2012 11:52:31 - ERROR KisCore.ssh_init(40) | SSH_Error: X11 forwarding request failed on channel 0
18 Sep 2012 11:52:31 - ERROR KisCore.ssh_init(40) | SSH_Error: debug1: client_input_channel_req: channel 0 rtype exit-status reply 0
18 Sep 2012 11:52:31 - ERROR KisCore.ssh_init(40) | SSH_Error: debug1: client_input_channel_req: channel 0 rtype eow@openssh.com reply 0
18 Sep 2012 11:52:31 - ERROR KisCore.ssh_init(40) | SSH_Error: bash: k!scl0ud-2012: command not found
18 Sep 2012 11:52:31 - ERROR KisCore.ssh_init(40) | SSH_Error: debug1: channel 0: free: client-session, nchannels 1
18 Sep 2012 11:52:31 - ERROR KisCore.ssh_init(40) | SSH_Error: debug1: fd 0 clearing O_NONBLOCK
18 Sep 2012 11:52:31 - ERROR KisCore.ssh_init(40) | SSH_Error: debug1: fd 1 clearing O_NONBLOCK
18 Sep 2012 11:52:31 - ERROR KisCore.ssh_init(40) | SSH_Error: debug1: fd 2 clearing O_NONBLOCK
18 Sep 2012 11:52:31 - ERROR KisCore.ssh_init(40) | SSH_Error: Transferred: sent 5216, received 3192 bytes, in 0.0 seconds
18 Sep 2012 11:52:31 - ERROR KisCore.ssh_init(40) | SSH_Error: Bytes per second: sent 267131.2, received 163474.5
18 Sep 2012 11:52:31 - ERROR KisCore.ssh_init(40) | SSH_Error: debug1: Exit status 127
18 Sep 2012 11:52:31 - INFO KisCore.ssh_init(46) | SSH Done with exit value: 127
18 Sep 2012 11:54:15 - INFO Main.<init>(16) | Main Start
18 Sep 2012 11:54:15 - INFO KisCore.<init>(23) | Object Init
18 Sep 2012 11:54:15 - INFO KisCore.ssh_init(27) | ssh_init() called
18 Sep 2012 11:54:16 - ERROR KisCore.ssh_init(40) | SSH_Error: OpenSSH_5.9p1 Debian-5ubuntu1, OpenSSL 1.0.1 14 Mar 2012
18 Sep 2012 11:54:16 - ERROR KisCore.ssh_init(40) | SSH_Error: debug1: Reading configuration data /etc/ssh/ssh_config
18 Sep 2012 11:54:16 - ERROR KisCore.ssh_init(40) | SSH_Error: debug1: /etc/ssh/ssh_config line 19: Applying options for *
18 Sep 2012 11:54:16 - ERROR KisCore.ssh_init(40) | SSH_Error: debug1: Connecting to 147.171.79.215 [147.171.79.215] port 22.
18 Sep 2012 11:54:16 - ERROR KisCore.ssh_init(40) | SSH_Error: debug1: Connection established.
18 Sep 2012 11:54:16 - ERROR KisCore.ssh_init(40) | SSH_Error: debug1: identity file /home/clement/.ssh/id_rsa type -1
18 Sep 2012 11:54:16 - ERROR KisCore.ssh_init(40) | SSH_Error: debug1: identity file /home/clement/.ssh/id_rsa-cert type -1
18 Sep 2012 11:54:16 - ERROR KisCore.ssh_init(40) | SSH_Error: debug1: identity file /home/clement/.ssh/id_dsa type -1
18 Sep 2012 11:54:16 - ERROR KisCore.ssh_init(40) | SSH_Error: debug1: identity file /home/clement/.ssh/id_dsa-cert type -1
18 Sep 2012 11:54:16 - ERROR KisCore.ssh_init(40) | SSH_Error: debug1: identity file /home/clement/.ssh/id_ecdsa type -1
18 Sep 2012 11:54:16 - ERROR KisCore.ssh_init(40) | SSH_Error: debug1: identity file /home/clement/.ssh/id_ecdsa-cert type -1
18 Sep 2012 11:54:16 - ERROR KisCore.ssh_init(40) | SSH_Error: debug1: Remote protocol version 2.0, remote software version OpenSSH_5.3
18 Sep 2012 11:54:16 - ERROR KisCore.ssh_init(40) | SSH_Error: debug1: match: OpenSSH_5.3 pat OpenSSH*
18 Sep 2012 11:54:16 - ERROR KisCore.ssh_init(40) | SSH_Error: debug1: Enabling compatibility mode for protocol 2.0
18 Sep 2012 11:54:16 - ERROR KisCore.ssh_init(40) | SSH_Error: debug1: Local version string SSH-2.0-OpenSSH_5.9p1 Debian-5ubuntu1
18 Sep 2012 11:54:16 - ERROR KisCore.ssh_init(40) | SSH_Error: debug1: SSH2_MSG_KEXINIT sent
18 Sep 2012 11:54:16 - ERROR KisCore.ssh_init(40) | SSH_Error: debug1: SSH2_MSG_KEXINIT received
18 Sep 2012 11:54:16 - ERROR KisCore.ssh_init(40) | SSH_Error: debug1: kex: server->client aes128-ctr hmac-md5 none
18 Sep 2012 11:54:16 - ERROR KisCore.ssh_init(40) | SSH_Error: debug1: kex: client->server aes128-ctr hmac-md5 none
18 Sep 2012 11:54:16 - ERROR KisCore.ssh_init(40) | SSH_Error: debug1: SSH2_MSG_KEX_DH_GEX_REQUEST(1024<1024<8192) sent
18 Sep 2012 11:54:16 - ERROR KisCore.ssh_init(40) | SSH_Error: debug1: expecting SSH2_MSG_KEX_DH_GEX_GROUP
18 Sep 2012 11:54:16 - ERROR KisCore.ssh_init(40) | SSH_Error: debug1: SSH2_MSG_KEX_DH_GEX_INIT sent
18 Sep 2012 11:54:16 - ERROR KisCore.ssh_init(40) | SSH_Error: debug1: expecting SSH2_MSG_KEX_DH_GEX_REPLY
18 Sep 2012 11:54:16 - ERROR KisCore.ssh_init(40) | SSH_Error: debug1: Server host key: RSA 97:a0:e8:de:9d:3a:88:f3:ca:46:ec:6d:1a:54:c1:f2
18 Sep 2012 11:54:16 - ERROR KisCore.ssh_init(40) | SSH_Error: debug1: Host '147.171.79.215' is known and matches the RSA host key.
18 Sep 2012 11:54:16 - ERROR KisCore.ssh_init(40) | SSH_Error: debug1: Found key in /home/clement/.ssh/known_hosts:7
18 Sep 2012 11:54:16 - ERROR KisCore.ssh_init(40) | SSH_Error: debug1: ssh_rsa_verify: signature correct
18 Sep 2012 11:54:16 - ERROR KisCore.ssh_init(40) | SSH_Error: debug1: SSH2_MSG_NEWKEYS sent
18 Sep 2012 11:54:16 - ERROR KisCore.ssh_init(40) | SSH_Error: debug1: expecting SSH2_MSG_NEWKEYS
18 Sep 2012 11:54:16 - ERROR KisCore.ssh_init(40) | SSH_Error: debug1: SSH2_MSG_NEWKEYS received
18 Sep 2012 11:54:16 - ERROR KisCore.ssh_init(40) | SSH_Error: debug1: Roaming not allowed by server
18 Sep 2012 11:54:16 - ERROR KisCore.ssh_init(40) | SSH_Error: debug1: SSH2_MSG_SERVICE_REQUEST sent
18 Sep 2012 11:54:16 - ERROR KisCore.ssh_init(40) | SSH_Error: debug1: SSH2_MSG_SERVICE_ACCEPT received
18 Sep 2012 11:54:16 - ERROR KisCore.ssh_init(40) | SSH_Error: debug1: Authentications that can continue: publickey,password
18 Sep 2012 11:54:16 - ERROR KisCore.ssh_init(40) | SSH_Error: debug1: Next authentication method: publickey
18 Sep 2012 11:54:16 - ERROR KisCore.ssh_init(40) | SSH_Error: debug1: Offering RSA public key: clement-laptop
18 Sep 2012 11:54:16 - ERROR KisCore.ssh_init(40) | SSH_Error: debug1: Server accepts key: pkalg ssh-rsa blen 1045
18 Sep 2012 11:54:16 - ERROR KisCore.ssh_init(40) | SSH_Error: debug1: Authentication succeeded (publickey).
18 Sep 2012 11:54:16 - ERROR KisCore.ssh_init(40) | SSH_Error: Authenticated to 147.171.79.215 ([147.171.79.215]:22).
18 Sep 2012 11:54:16 - ERROR KisCore.ssh_init(40) | SSH_Error: debug1: channel 0: new [client-session]
18 Sep 2012 11:54:16 - ERROR KisCore.ssh_init(40) | SSH_Error: debug1: Requesting no-more-sessions@openssh.com
18 Sep 2012 11:54:16 - ERROR KisCore.ssh_init(40) | SSH_Error: debug1: Entering interactive session.
18 Sep 2012 11:54:16 - ERROR KisCore.ssh_init(40) | SSH_Error: debug1: Requesting X11 forwarding with authentication spoofing.
18 Sep 2012 11:54:16 - ERROR KisCore.ssh_init(40) | SSH_Error: debug1: Requesting authentication agent forwarding.
18 Sep 2012 11:54:16 - ERROR KisCore.ssh_init(40) | SSH_Error: debug1: Sending environment.
18 Sep 2012 11:54:16 - ERROR KisCore.ssh_init(40) | SSH_Error: debug1: Sending env LANG = en_US.UTF-8
18 Sep 2012 11:54:16 - ERROR KisCore.ssh_init(40) | SSH_Error: debug1: Sending command: k!scl0ud-2012:'hostname'
18 Sep 2012 11:54:16 - ERROR KisCore.ssh_init(40) | SSH_Error: debug1: Remote: No xauth program; cannot forward with spoofing.
18 Sep 2012 11:54:16 - ERROR KisCore.ssh_init(40) | SSH_Error: X11 forwarding request failed on channel 0
18 Sep 2012 11:54:16 - ERROR KisCore.ssh_init(40) | SSH_Error: debug1: client_input_channel_req: channel 0 rtype exit-status reply 0
18 Sep 2012 11:54:16 - ERROR KisCore.ssh_init(40) | SSH_Error: debug1: client_input_channel_req: channel 0 rtype eow@openssh.com reply 0
18 Sep 2012 11:54:16 - ERROR KisCore.ssh_init(40) | SSH_Error: bash: k!scl0ud-2012:hostname: command not found
18 Sep 2012 11:54:16 - ERROR KisCore.ssh_init(40) | SSH_Error: debug1: channel 0: free: client-session, nchannels 1
18 Sep 2012 11:54:16 - ERROR KisCore.ssh_init(40) | SSH_Error: debug1: fd 0 clearing O_NONBLOCK
18 Sep 2012 11:54:16 - ERROR KisCore.ssh_init(40) | SSH_Error: debug1: fd 1 clearing O_NONBLOCK
18 Sep 2012 11:54:16 - ERROR KisCore.ssh_init(40) | SSH_Error: debug1: fd 2 clearing O_NONBLOCK
18 Sep 2012 11:54:16 - ERROR KisCore.ssh_init(40) | SSH_Error: Transferred: sent 5232, received 3208 bytes, in 0.0 seconds
18 Sep 2012 11:54:16 - ERROR KisCore.ssh_init(40) | SSH_Error: Bytes per second: sent 322505.3, received 197744.1
18 Sep 2012 11:54:16 - ERROR KisCore.ssh_init(40) | SSH_Error: debug1: Exit status 127
18 Sep 2012 11:54:16 - INFO KisCore.ssh_init(46) | SSH Done with exit value: 127
18 Sep 2012 11:55:19 - INFO Main.<init>(16) | Main Start
18 Sep 2012 11:55:19 - INFO KisCore.<init>(23) | Object Init
18 Sep 2012 11:55:19 - INFO KisCore.ssh_init(27) | ssh_init() called
18 Sep 2012 11:55:19 - ERROR KisCore.ssh_init(40) | SSH_Error: OpenSSH_5.9p1 Debian-5ubuntu1, OpenSSL 1.0.1 14 Mar 2012
18 Sep 2012 11:55:19 - ERROR KisCore.ssh_init(40) | SSH_Error: Pseudo-terminal will not be allocated because stdin is not a terminal.
18 Sep 2012 11:55:19 - ERROR KisCore.ssh_init(40) | SSH_Error: debug1: Reading configuration data /etc/ssh/ssh_config
18 Sep 2012 11:55:19 - ERROR KisCore.ssh_init(40) | SSH_Error: debug1: /etc/ssh/ssh_config line 19: Applying options for *
18 Sep 2012 11:55:19 - ERROR KisCore.ssh_init(40) | SSH_Error: ssh: Could not resolve hostname 147.171.79.215:'hostname': Name or service not known
18 Sep 2012 11:55:19 - INFO KisCore.ssh_init(46) | SSH Done with exit value: 255
18 Sep 2012 11:56:11 - INFO Main.<init>(16) | Main Start
18 Sep 2012 11:56:11 - INFO KisCore.<init>(23) | Object Init
18 Sep 2012 11:56:11 - INFO KisCore.ssh_init(27) | ssh_init() called
18 Sep 2012 11:56:12 - INFO KisCore.ssh_init(36) | SSH_Output: node1.kiscloud.formation-continue.grenoble-inp.fr
18 Sep 2012 11:56:12 - ERROR KisCore.ssh_init(40) | SSH_Error: OpenSSH_5.9p1 Debian-5ubuntu1, OpenSSL 1.0.1 14 Mar 2012
18 Sep 2012 11:56:12 - ERROR KisCore.ssh_init(40) | SSH_Error: debug1: Reading configuration data /etc/ssh/ssh_config
18 Sep 2012 11:56:12 - ERROR KisCore.ssh_init(40) | SSH_Error: debug1: /etc/ssh/ssh_config line 19: Applying options for *
18 Sep 2012 11:56:12 - ERROR KisCore.ssh_init(40) | SSH_Error: debug1: Connecting to 147.171.79.215 [147.171.79.215] port 22.
18 Sep 2012 11:56:12 - ERROR KisCore.ssh_init(40) | SSH_Error: debug1: Connection established.
18 Sep 2012 11:56:12 - ERROR KisCore.ssh_init(40) | SSH_Error: debug1: identity file /home/clement/.ssh/id_rsa type -1
18 Sep 2012 11:56:12 - ERROR KisCore.ssh_init(40) | SSH_Error: debug1: identity file /home/clement/.ssh/id_rsa-cert type -1
18 Sep 2012 11:56:12 - ERROR KisCore.ssh_init(40) | SSH_Error: debug1: identity file /home/clement/.ssh/id_dsa type -1
18 Sep 2012 11:56:12 - ERROR KisCore.ssh_init(40) | SSH_Error: debug1: identity file /home/clement/.ssh/id_dsa-cert type -1
18 Sep 2012 11:56:12 - ERROR KisCore.ssh_init(40) | SSH_Error: debug1: identity file /home/clement/.ssh/id_ecdsa type -1
18 Sep 2012 11:56:12 - ERROR KisCore.ssh_init(40) | SSH_Error: debug1: identity file /home/clement/.ssh/id_ecdsa-cert type -1
18 Sep 2012 11:56:12 - ERROR KisCore.ssh_init(40) | SSH_Error: debug1: Remote protocol version 2.0, remote software version OpenSSH_5.3
18 Sep 2012 11:56:12 - ERROR KisCore.ssh_init(40) | SSH_Error: debug1: match: OpenSSH_5.3 pat OpenSSH*
18 Sep 2012 11:56:12 - ERROR KisCore.ssh_init(40) | SSH_Error: debug1: Enabling compatibility mode for protocol 2.0
18 Sep 2012 11:56:12 - ERROR KisCore.ssh_init(40) | SSH_Error: debug1: Local version string SSH-2.0-OpenSSH_5.9p1 Debian-5ubuntu1
18 Sep 2012 11:56:12 - ERROR KisCore.ssh_init(40) | SSH_Error: debug1: SSH2_MSG_KEXINIT sent
18 Sep 2012 11:56:12 - ERROR KisCore.ssh_init(40) | SSH_Error: debug1: SSH2_MSG_KEXINIT received
18 Sep 2012 11:56:12 - ERROR KisCore.ssh_init(40) | SSH_Error: debug1: kex: server->client aes128-ctr hmac-md5 none
18 Sep 2012 11:56:12 - ERROR KisCore.ssh_init(40) | SSH_Error: debug1: kex: client->server aes128-ctr hmac-md5 none
18 Sep 2012 11:56:12 - ERROR KisCore.ssh_init(40) | SSH_Error: debug1: SSH2_MSG_KEX_DH_GEX_REQUEST(1024<1024<8192) sent
18 Sep 2012 11:56:12 - ERROR KisCore.ssh_init(40) | SSH_Error: debug1: expecting SSH2_MSG_KEX_DH_GEX_GROUP
18 Sep 2012 11:56:12 - ERROR KisCore.ssh_init(40) | SSH_Error: debug1: SSH2_MSG_KEX_DH_GEX_INIT sent
18 Sep 2012 11:56:12 - ERROR KisCore.ssh_init(40) | SSH_Error: debug1: expecting SSH2_MSG_KEX_DH_GEX_REPLY
18 Sep 2012 11:56:12 - ERROR KisCore.ssh_init(40) | SSH_Error: debug1: Server host key: RSA 97:a0:e8:de:9d:3a:88:f3:ca:46:ec:6d:1a:54:c1:f2
18 Sep 2012 11:56:12 - ERROR KisCore.ssh_init(40) | SSH_Error: debug1: Host '147.171.79.215' is known and matches the RSA host key.
18 Sep 2012 11:56:12 - ERROR KisCore.ssh_init(40) | SSH_Error: debug1: Found key in /home/clement/.ssh/known_hosts:7
18 Sep 2012 11:56:12 - ERROR KisCore.ssh_init(40) | SSH_Error: debug1: ssh_rsa_verify: signature correct
18 Sep 2012 11:56:12 - ERROR KisCore.ssh_init(40) | SSH_Error: debug1: SSH2_MSG_NEWKEYS sent
18 Sep 2012 11:56:12 - ERROR KisCore.ssh_init(40) | SSH_Error: debug1: expecting SSH2_MSG_NEWKEYS
18 Sep 2012 11:56:12 - ERROR KisCore.ssh_init(40) | SSH_Error: debug1: SSH2_MSG_NEWKEYS received
18 Sep 2012 11:56:12 - ERROR KisCore.ssh_init(40) | SSH_Error: debug1: Roaming not allowed by server
18 Sep 2012 11:56:12 - ERROR KisCore.ssh_init(40) | SSH_Error: debug1: SSH2_MSG_SERVICE_REQUEST sent
18 Sep 2012 11:56:12 - ERROR KisCore.ssh_init(40) | SSH_Error: debug1: SSH2_MSG_SERVICE_ACCEPT received
18 Sep 2012 11:56:12 - ERROR KisCore.ssh_init(40) | SSH_Error: debug1: Authentications that can continue: publickey,password
18 Sep 2012 11:56:12 - ERROR KisCore.ssh_init(40) | SSH_Error: debug1: Next authentication method: publickey
18 Sep 2012 11:56:12 - ERROR KisCore.ssh_init(40) | SSH_Error: debug1: Offering RSA public key: clement-laptop
18 Sep 2012 11:56:12 - ERROR KisCore.ssh_init(40) | SSH_Error: debug1: Server accepts key: pkalg ssh-rsa blen 1045
18 Sep 2012 11:56:12 - ERROR KisCore.ssh_init(40) | SSH_Error: debug1: Authentication succeeded (publickey).
18 Sep 2012 11:56:12 - ERROR KisCore.ssh_init(40) | SSH_Error: Authenticated to 147.171.79.215 ([147.171.79.215]:22).
18 Sep 2012 11:56:12 - ERROR KisCore.ssh_init(40) | SSH_Error: debug1: channel 0: new [client-session]
18 Sep 2012 11:56:12 - ERROR KisCore.ssh_init(40) | SSH_Error: debug1: Requesting no-more-sessions@openssh.com
18 Sep 2012 11:56:12 - ERROR KisCore.ssh_init(40) | SSH_Error: debug1: Entering interactive session.
18 Sep 2012 11:56:12 - ERROR KisCore.ssh_init(40) | SSH_Error: debug1: Requesting X11 forwarding with authentication spoofing.
18 Sep 2012 11:56:12 - ERROR KisCore.ssh_init(40) | SSH_Error: debug1: Requesting authentication agent forwarding.
18 Sep 2012 11:56:12 - ERROR KisCore.ssh_init(40) | SSH_Error: debug1: Sending environment.
18 Sep 2012 11:56:12 - ERROR KisCore.ssh_init(40) | SSH_Error: debug1: Sending env LANG = en_US.UTF-8
18 Sep 2012 11:56:12 - ERROR KisCore.ssh_init(40) | SSH_Error: debug1: Sending command: 'hostname'
18 Sep 2012 11:56:12 - ERROR KisCore.ssh_init(40) | SSH_Error: debug1: Remote: No xauth program; cannot forward with spoofing.
18 Sep 2012 11:56:12 - ERROR KisCore.ssh_init(40) | SSH_Error: X11 forwarding request failed on channel 0
18 Sep 2012 11:56:12 - ERROR KisCore.ssh_init(40) | SSH_Error: debug1: client_input_channel_req: channel 0 rtype exit-status reply 0
18 Sep 2012 11:56:12 - ERROR KisCore.ssh_init(40) | SSH_Error: debug1: client_input_channel_req: channel 0 rtype eow@openssh.com reply 0
18 Sep 2012 11:56:12 - ERROR KisCore.ssh_init(40) | SSH_Error: debug1: channel 0: free: client-session, nchannels 1
18 Sep 2012 11:56:12 - ERROR KisCore.ssh_init(40) | SSH_Error: debug1: fd 0 clearing O_NONBLOCK
18 Sep 2012 11:56:12 - ERROR KisCore.ssh_init(40) | SSH_Error: debug1: fd 1 clearing O_NONBLOCK
18 Sep 2012 11:56:12 - ERROR KisCore.ssh_init(40) | SSH_Error: debug1: fd 2 clearing O_NONBLOCK
18 Sep 2012 11:56:12 - ERROR KisCore.ssh_init(40) | SSH_Error: Transferred: sent 5216, received 3208 bytes, in 0.0 seconds
18 Sep 2012 11:56:12 - ERROR KisCore.ssh_init(40) | SSH_Error: Bytes per second: sent 291444.1, received 179247.1
18 Sep 2012 11:56:12 - ERROR KisCore.ssh_init(40) | SSH_Error: debug1: Exit status 0
18 Sep 2012 11:56:12 - INFO KisCore.ssh_init(46) | SSH Done with exit value: 0
18 Sep 2012 12:28:18 - INFO Main.<init>(16) | Main Start
18 Sep 2012 12:28:18 - INFO KisCore.<init>(25) | Object Init
18 Sep 2012 12:28:18 - INFO KisCore.ssh_init(32) | ssh_init() called
18 Sep 2012 12:40:12 - INFO Main.<init>(16) | Main Start
18 Sep 2012 12:40:12 - INFO KisCore.<init>(25) | Object Init
18 Sep 2012 12:40:12 - INFO KisCore.ssh_init(32) | ssh_init() called
18 Sep 2012 12:42:09 - INFO Main.<init>(16) | Main Start
18 Sep 2012 12:42:09 - INFO KisCore.<init>(25) | Object Init
18 Sep 2012 12:42:09 - INFO KisCore.ssh_init(32) | ssh_init() called
18 Sep 2012 12:42:23 - INFO Main.<init>(16) | Main Start
18 Sep 2012 12:42:23 - INFO KisCore.<init>(25) | Object Init
18 Sep 2012 12:42:23 - INFO KisCore.ssh_init(32) | ssh_init() called
18 Sep 2012 12:47:09 - INFO Main.<init>(16) | Main Start
18 Sep 2012 12:47:09 - INFO KisCore.<init>(25) | Object Init
18 Sep 2012 12:47:09 - INFO KisCore.ssh_init(32) | ssh_init() called
18 Sep 2012 12:48:28 - INFO Main.<init>(16) | Main Start
18 Sep 2012 12:48:28 - INFO KisCore.<init>(25) | Object Init
18 Sep 2012 12:48:28 - INFO KisCore.ssh_init(32) | ssh_init() called
18 Sep 2012 12:50:31 - INFO Main.<init>(16) | Main Start
18 Sep 2012 12:50:31 - INFO KisCore.<init>(25) | Object Init
18 Sep 2012 12:50:31 - INFO KisCore.ssh_init(32) | ssh_init() called
18 Sep 2012 12:50:33 - FATAL KisCore.ssh_init(111) | SSH_Client: Error login - java.lang.NullPointerException
18 Sep 2012 12:59:28 - INFO Main.<init>(16) | Main Start
18 Sep 2012 12:59:28 - INFO KisCore.<init>(25) | Object Init
18 Sep 2012 12:59:28 - INFO KisCore.ssh_init(32) | ssh_init() called
18 Sep 2012 12:59:31 - FATAL KisCore.ssh_init(111) | SSH_Client: Error login
